{"logLevel":"debug","message":"multithreading is set to false"}
{"logLevel":"debug","message":"Using reflection to scan dependencies for gauge implementations..."}
SLF4J: Failed to load class "org.slf4j.impl.StaticLoggerBinder".
SLF4J: Defaulting to no-operation (NOP) logger implementation
SLF4J: See http://www.slf4j.org/codes.html#StaticLoggerBinder for further details.
{"logLevel":"debug","message":"gauge-java took 711milliseconds to load and scan. This should be less than 'runner_connection_timeout' config value."}
{"logLevel":"debug","message":"run 'gauge config runner_connection_timeout' and verify that it is < 711"}
{"logLevel":"debug","message":"starting gRPC server..."}
{"logLevel":"debug","message":"started gRPC server on port 54336"}
{"logLevel":"info","message":"Listening on port:54336"}
{"logLevel":"debug","message":"Scanning packages for steps"}
{"logLevel":"debug","message":"Comparing 'org.example.StepImplementation.randomMouseHover' and 'org.example.StepImplementation.randomMouseHover'"}
{"logLevel":"debug","message":"Found {} li elementlerin rastgele birinin üstüne gel in current project scope."}
{"logLevel":"debug","message":"Comparing 'org.example.StepImplementation.mouseHover' and 'org.example.StepImplementation.mouseHover'"}
{"logLevel":"debug","message":"Found {} li elementin üzerine gel in current project scope."}
{"logLevel":"debug","message":"Comparing 'org.example.StepImplementation.mouseHoverXpath' and 'org.example.StepImplementation.mouseHoverXpath'"}
{"logLevel":"debug","message":"Found {} li elementin xpath üzerine gel in current project scope."}
{"logLevel":"debug","message":"Comparing 'org.example.StepImplementation.waitElement' and 'org.example.StepImplementation.waitElement'"}
{"logLevel":"debug","message":"Found {} Saniye Bekle in current project scope."}
{"logLevel":"debug","message":"Comparing 'org.example.StepImplementation.clickElementById' and 'org.example.StepImplementation.clickElementById'"}
{"logLevel":"debug","message":"Found Id li {} elemente tikla in current project scope."}
{"logLevel":"debug","message":"Comparing 'org.example.StepImplementation.randomNumber' and 'org.example.StepImplementation.randomNumber'"}
{"logLevel":"debug","message":"Found {} sayili menu elementine gel in current project scope."}
{"logLevel":"debug","message":"Comparing 'org.example.StepImplementation.clickElementByXpath' and 'org.example.StepImplementation.clickElementByXpath'"}
{"logLevel":"debug","message":"Found Xpath li {} elemente tikla in current project scope."}
{"logLevel":"debug","message":"Comparing 'org.example.StepImplementation.clickElementByCss' and 'org.example.StepImplementation.clickElementByCss'"}
{"logLevel":"debug","message":"Found Css li {} elemente tikla in current project scope."}
{"logLevel":"debug","message":"Comparing 'org.example.StepImplementation.sendKeyByCss' and 'org.example.StepImplementation.sendKeyByCss'"}
{"logLevel":"debug","message":"Found Css li {} elementi bul ve {} degeri yaz in current project scope."}
{"logLevel":"debug","message":"Comparing 'org.example.StepImplementation.sendKeyById' and 'org.example.StepImplementation.sendKeyById'"}
{"logLevel":"debug","message":"Found Id li {} elementi bul ve {} degeri yaz in current project scope."}
{"logLevel":"debug","message":"Scanning packages for hooks"}
{"logLevel":"debug","message":"Scanned steps (using static parsing + reflections): "}
{"logLevel":"debug","message":"\tId li {} elemente tikla : public void clickElementById(String element) throws InterruptedException"}
{"logLevel":"debug","message":"\t{} li elementlerin rastgele birinin üstüne gel : public void randomMouseHover(String key)"}
{"logLevel":"debug","message":"\tId li {} elementi bul ve {} degeri yaz : public void sendKeyById(String element, String key)"}
{"logLevel":"debug","message":"\tCss li {} elementi bul ve {} degeri yaz : public void sendKeyByCss(String element, String key)"}
{"logLevel":"debug","message":"\t{} li elementin üzerine gel : public void mouseHover(String key)"}
{"logLevel":"debug","message":"\tCss li {} elemente tikla : public void clickElementByCss(String element) throws InterruptedException"}
{"logLevel":"debug","message":"\t{} li elementin xpath üzerine gel : public void mouseHoverXpath(String key)"}
{"logLevel":"debug","message":"\tXpath li {} elemente tikla : public void clickElementByXpath(String element) throws InterruptedException"}
{"logLevel":"debug","message":"\t{} Saniye Bekle : public void waitElement(ınt second) throws InterruptedException"}
{"logLevel":"debug","message":"\t{} sayili menu elementine gel : public void randomNumber(ınt rndNumber)"}
Ağu 15, 2020 10:41:05 PM org.openqa.selenium.remote.DesiredCapabilities chrome
INFO: Using `new ChromeOptions()` is preferred to `DesiredCapabilities.chrome()`
Starting ChromeDriver 84.0.4147.30 (48b3e868b4cc0aa7e8149519690b6f6949e110a8-refs/branch-heads/4147@{#310}) on port 21762
Only local connections are allowed.
Please see https://chromedriver.chromium.org/security-considerations for suggestions on keeping ChromeDriver safe.
ChromeDriver was started successfully.
Ağu 15, 2020 10:41:09 PM org.openqa.selenium.remote.ProtocolHandshake createSession
INFO: Detected dialect: W3C
{"logLevel":"debug","message":"Executing '{} li elementin üzerine gel' using 'class org.example.StepImplementation.mouseHover"}
{"logLevel":"debug","message":"Executing '{} Saniye Bekle' using 'class org.example.StepImplementation.waitElement"}
{"logLevel":"debug","message":"Executing 'Css li {} elemente tikla' using 'class org.example.StepImplementation.clickElementByCss"}
{"logLevel":"debug","message":"Executing '{} Saniye Bekle' using 'class org.example.StepImplementation.waitElement"}
{"logLevel":"debug","message":"Executing 'Id li {} elementi bul ve {} degeri yaz' using 'class org.example.StepImplementation.sendKeyById"}
{"logLevel":"debug","message":"Executing '{} Saniye Bekle' using 'class org.example.StepImplementation.waitElement"}
{"logLevel":"debug","message":"Executing 'Id li {} elementi bul ve {} degeri yaz' using 'class org.example.StepImplementation.sendKeyById"}
{"logLevel":"debug","message":"Executing '{} Saniye Bekle' using 'class org.example.StepImplementation.waitElement"}
{"logLevel":"debug","message":"Executing 'Id li {} elemente tikla' using 'class org.example.StepImplementation.clickElementById"}
{"logLevel":"debug","message":"Executing '{} Saniye Bekle' using 'class org.example.StepImplementation.waitElement"}
{"logLevel":"debug","message":"Executing 'Css li {} elemente tikla' using 'class org.example.StepImplementation.clickElementByCss"}
{"logLevel":"debug","message":"Executing '{} Saniye Bekle' using 'class org.example.StepImplementation.waitElement"}
{"logLevel":"debug","message":"Executing 'Css li {} elemente tikla' using 'class org.example.StepImplementation.clickElementByCss"}
{"logLevel":"debug","message":"Executing '{} Saniye Bekle' using 'class org.example.StepImplementation.waitElement"}
{"logLevel":"debug","message":"Executing '{} li elementlerin rastgele birinin üstüne gel' using 'class org.example.StepImplementation.randomMouseHover"}
