{"logLevel":"debug","message":"multithreading is set to false"}
{"logLevel":"debug","message":"Using reflection to scan dependencies for gauge implementations..."}
SLF4J: Failed to load class "org.slf4j.impl.StaticLoggerBinder".
SLF4J: Defaulting to no-operation (NOP) logger implementation
SLF4J: See http://www.slf4j.org/codes.html#StaticLoggerBinder for further details.
{"logLevel":"debug","message":"gauge-java took 1514milliseconds to load and scan. This should be less than 'runner_connection_timeout' config value."}
{"logLevel":"debug","message":"run 'gauge config runner_connection_timeout' and verify that it is < 1514"}
{"logLevel":"debug","message":"starting gRPC server..."}
{"logLevel":"debug","message":"started gRPC server on port 52968"}
{"logLevel":"info","message":"Listening on port:52968"}
{"logLevel":"debug","message":"Scanning packages for steps"}
{"logLevel":"debug","message":"Comparing 'org.example.StepImplementation.waitElement' and 'org.example.StepImplementation.waitElement'"}
{"logLevel":"debug","message":"Found {} Saniye Bekle in current project scope."}
{"logLevel":"debug","message":"Comparing 'org.example.StepImplementation.clickCookiesBtn' and 'org.example.StepImplementation.clickCookiesBtn'"}
{"logLevel":"debug","message":"Found cookie butonuna tıkla in current project scope."}
{"logLevel":"debug","message":"Scanning packages for hooks"}
{"logLevel":"debug","message":"Scanned steps (using static parsing + reflections): "}
{"logLevel":"debug","message":"\tcookie butonuna tıkla : public void clickCookiesBtn()"}
{"logLevel":"debug","message":"\t{} Saniye Bekle : public void waitElement(ınt second) throws InterruptedException"}
Ağu 18, 2020 9:25:20 PM io.appium.java_client.remote.AppiumCommandExecutor$1 lambda$0
INFO: Detected dialect: W3C
{"logLevel":"debug","message":"Executing 'cookie butonuna tıkla' using 'class org.example.StepImplementation.clickCookiesBtn"}
{"logLevel":"debug","message":"Executing '{} Saniye Bekle' using 'class org.example.StepImplementation.waitElement"}
