{"logLevel":"debug","message":"multithreading is set to false"}
{"logLevel":"debug","message":"Using reflection to scan dependencies for gauge implementations..."}
SLF4J: Failed to load class "org.slf4j.impl.StaticLoggerBinder".
SLF4J: Defaulting to no-operation (NOP) logger implementation
SLF4J: See http://www.slf4j.org/codes.html#StaticLoggerBinder for further details.
{"logLevel":"debug","message":"gauge-java took 1562milliseconds to load and scan. This should be less than 'runner_connection_timeout' config value."}
{"logLevel":"debug","message":"run 'gauge config runner_connection_timeout' and verify that it is < 1562"}
{"logLevel":"debug","message":"starting gRPC server..."}
{"logLevel":"debug","message":"started gRPC server on port 65090"}
{"logLevel":"info","message":"Listening on port:65090"}
{"logLevel":"debug","message":"Scanning packages for steps"}
{"logLevel":"debug","message":"Comparing 'org.example.StepImplementation.sendKeyByXpath' and 'org.example.StepImplementation.sendKeyByXpath'"}
{"logLevel":"debug","message":"Found Xpath li {} elementi bul ve {} degeri yaz in current project scope."}
{"logLevel":"debug","message":"Comparing 'org.example.StepImplementation.mouseHover' and 'org.example.StepImplementation.mouseHover'"}
{"logLevel":"debug","message":"Found {} li elementin üzerine gel in current project scope."}
{"logLevel":"debug","message":"Comparing 'org.example.StepImplementation.mouseHoverXpath' and 'org.example.StepImplementation.mouseHoverXpath'"}
{"logLevel":"debug","message":"Found {} li xpath elementin üzerine gel in current project scope."}
{"logLevel":"debug","message":"Comparing 'org.example.StepImplementation.waitElement' and 'org.example.StepImplementation.waitElement'"}
{"logLevel":"debug","message":"Found {} Saniye Bekle in current project scope."}
{"logLevel":"debug","message":"Comparing 'org.example.StepImplementation.clickElementById' and 'org.example.StepImplementation.clickElementById'"}
{"logLevel":"debug","message":"Found Id li {} elemente tikla in current project scope."}
{"logLevel":"debug","message":"Comparing 'org.example.StepImplementation.clickElementByXpath' and 'org.example.StepImplementation.clickElementByXpath'"}
{"logLevel":"debug","message":"Found Xpath li {} elemente tikla in current project scope."}
{"logLevel":"debug","message":"Comparing 'org.example.StepImplementation.selectOptionByValue' and 'org.example.StepImplementation.selectOptionByValue'"}
{"logLevel":"debug","message":"Found {} li elementten {} sec in current project scope."}
{"logLevel":"debug","message":"Comparing 'org.example.StepImplementation.clickElementByCss' and 'org.example.StepImplementation.clickElementByCss'"}
{"logLevel":"debug","message":"Found Css li {} elemente tikla in current project scope."}
{"logLevel":"debug","message":"Comparing 'org.example.StepImplementation.sendKeyById' and 'org.example.StepImplementation.sendKeyById'"}
{"logLevel":"debug","message":"Found Id li {} elementi bul ve {} degeri yaz in current project scope."}
{"logLevel":"debug","message":"Comparing 'org.example.StepImplementation.clickElementByXpathFirst' and 'org.example.StepImplementation.clickElementByXpathFirst'"}
{"logLevel":"debug","message":"Found Xpath li {} first elemente tikla in current project scope."}
{"logLevel":"debug","message":"Scanning packages for hooks"}
{"logLevel":"debug","message":"Scanned steps (using static parsing + reflections): "}
{"logLevel":"debug","message":"\tId li {} elemente tikla : public void clickElementById(String element) throws InterruptedException"}
{"logLevel":"debug","message":"\tId li {} elementi bul ve {} degeri yaz : public void sendKeyById(String element, String key)"}
{"logLevel":"debug","message":"\t{} li elementten {} sec : public void selectOptionByValue(String name, String value)"}
{"logLevel":"debug","message":"\tXpath li {} elementi bul ve {} degeri yaz : public void sendKeyByXpath(String element, String key)"}
{"logLevel":"debug","message":"\t{} li elementin üzerine gel : public void mouseHover(String key)"}
{"logLevel":"debug","message":"\tCss li {} elemente tikla : public void clickElementByCss(String element) throws InterruptedException"}
{"logLevel":"debug","message":"\t{} li xpath elementin üzerine gel : public void mouseHoverXpath(String key)"}
{"logLevel":"debug","message":"\tXpath li {} elemente tikla : public void clickElementByXpath(String key) throws InterruptedException"}
{"logLevel":"debug","message":"\t{} Saniye Bekle : public void waitElement(ınt second) throws InterruptedException"}
{"logLevel":"debug","message":"\tXpath li {} first elemente tikla : public void clickElementByXpathFirst(String element) throws InterruptedException"}
Ağu 18, 2020 3:05:38 PM io.appium.java_client.remote.AppiumCommandExecutor$1 lambda$0
INFO: Detected dialect: W3C
